app/build/intermediates/manifest_merge_blame_file/debug/processDebugMainManifest/manifest-merger-blame-debug-report.txt
1<?xml version="1.0" encoding="utf-8"?>
2<manifest xmlns:android="http://schemas.android.com/apk/res/android"
3    package="com.example.campussos"
4    android:versionCode="1"
5    android:versionName="1.0" >
6
7    <uses-sdk
8        android:minSdkVersion="23"
9        android:targetSdkVersion="35" />
10
11    <uses-permission android:name="android.permission.SEND_SMS" />
11-->src/main/AndroidManifest.xml:4:5-67
11-->src/main/AndroidManifest.xml:4:22-64
12    <uses-permission android:name="android.permission.CALL_PHONE" />
12-->src/main/AndroidManifest.xml:5:5-69
12-->src/main/AndroidManifest.xml:5:22-66
13    <uses-permission android:name="android.permission.ACCESS_FINE_LOCATION" />
13-->src/main/AndroidManifest.xml:6:5-79
13-->src/main/AndroidManifest.xml:6:22-76
14    <uses-permission android:name="android.permission.ACCESS_COARSE_LOCATION" />
14-->src/main/AndroidManifest.xml:7:5-81
14-->src/main/AndroidManifest.xml:7:22-78
15    <uses-permission android:name="android.permission.FOREGROUND_SERVICE" />
15-->src/main/AndroidManifest.xml:8:5-77
15-->src/main/AndroidManifest.xml:8:22-74
16    <uses-permission android:name="android.permission.FOREGROUND_SERVICE_LOCATION" />
16-->src/main/AndroidManifest.xml:9:5-86
16-->src/main/AndroidManifest.xml:9:22-83
17    <uses-permission android:name="android.permission.POST_NOTIFICATIONS" />
17-->src/main/AndroidManifest.xml:10:5-77
17-->src/main/AndroidManifest.xml:10:22-74
18    <uses-permission android:name="android.permission.RECEIVE_BOOT_COMPLETED" />
18-->src/main/AndroidManifest.xml:11:5-81
18-->src/main/AndroidManifest.xml:11:22-78
19
20    <application
20-->src/main/AndroidManifest.xml:13:5-79:19
21        android:allowBackup="true"
21-->src/main/AndroidManifest.xml:14:9-35
22        android:appComponentFactory="androidx.core.app.CoreComponentFactory"
22-->[androidx.core:core:1.2.0] AndroidManifest.xml:24:18-86
23        android:debuggable="true"
24        android:extractNativeLibs="false"
25        android:icon="@drawable/ic_sos"
25-->src/main/AndroidManifest.xml:15:9-40
26        android:label="@string/app_name"
26-->src/main/AndroidManifest.xml:16:9-41
27        android:roundIcon="@drawable/ic_sos"
27-->src/main/AndroidManifest.xml:17:9-45
28        android:supportsRtl="true"
28-->src/main/AndroidManifest.xml:18:9-35
29        android:testOnly="true"
30        android:theme="@style/Theme.CampusSos" >
30-->src/main/AndroidManifest.xml:19:9-47
31        <activity
31-->src/main/AndroidManifest.xml:21:9-23:40
32            android:name="com.example.campussos.app.EmergencyConfirmActivity"
32-->src/main/AndroidManifest.xml:22:13-57
33            android:exported="false" />
33-->src/main/AndroidManifest.xml:23:13-37
34        <activity
34-->src/main/AndroidManifest.xml:25:9-27:40
35            android:name="com.example.campussos.app.PermissionExplanationActivity"
35-->src/main/AndroidManifest.xml:26:13-62
36            android:exported="false" />
36-->src/main/AndroidManifest.xml:27:13-37
37        <activity
37-->src/main/AndroidManifest.xml:29:9-31:40
38            android:name="com.example.campussos.app.SettingsActivity"
38-->src/main/AndroidManifest.xml:30:13-49
39            android:exported="false" />
39-->src/main/AndroidManifest.xml:31:13-37
40        <activity
40-->src/main/AndroidManifest.xml:33:9-41:20
41            android:name="com.example.campussos.app.SplashActivity"
41-->src/main/AndroidManifest.xml:34:13-47
42            android:exported="true"
42-->src/main/AndroidManifest.xml:35:13-36
43            android:theme="@style/Theme.React.Splash" >
43-->src/main/AndroidManifest.xml:36:13-54
44            <intent-filter>
44-->src/main/AndroidManifest.xml:37:13-40:29
45                <action android:name="android.intent.action.MAIN" />
45-->src/main/AndroidManifest.xml:38:17-69
45-->src/main/AndroidManifest.xml:38:25-66
46
47                <category android:name="android.intent.category.LAUNCHER" />
47-->src/main/AndroidManifest.xml:39:17-77
47-->src/main/AndroidManifest.xml:39:27-74
48            </intent-filter>
49        </activity>
50        <activity
50-->src/main/AndroidManifest.xml:43:9-45:40
51            android:name="com.example.campussos.app.MainActivity"
51-->src/main/AndroidManifest.xml:44:13-45
52            android:exported="false" />
52-->src/main/AndroidManifest.xml:45:13-37
53
54        <service
54-->src/main/AndroidManifest.xml:47:9-50:60
55            android:name="com.example.campussos.emergency.EmergencyDispatchService"
55-->src/main/AndroidManifest.xml:48:13-63
56            android:exported="false"
56-->src/main/AndroidManifest.xml:49:13-37
57            android:foregroundServiceType="shortService" />
57-->src/main/AndroidManifest.xml:50:13-57
58
59        <receiver
59-->src/main/AndroidManifest.xml:52:9-61:20
60            android:name="com.example.campussos.widget.SosWidgetProvider"
60-->src/main/AndroidManifest.xml:53:13-53
61            android:exported="true" >
61-->src/main/AndroidManifest.xml:54:13-36
62            <intent-filter>
62-->src/main/AndroidManifest.xml:55:13-57:29
63                <action android:name="android.appwidget.action.APPWIDGET_UPDATE" />
63-->src/main/AndroidManifest.xml:56:17-84
63-->src/main/AndroidManifest.xml:56:25-81
64            </intent-filter>
65
66            <meta-data
66-->src/main/AndroidManifest.xml:58:13-60:59
67                android:name="android.appwidget.provider"
67-->src/main/AndroidManifest.xml:59:17-58
68                android:resource="@xml/sos_widget_info" />
68-->src/main/AndroidManifest.xml:60:17-56
69        </receiver>
70        <receiver
70-->src/main/AndroidManifest.xml:63:9-65:40
71            android:name="com.example.campussos.widget.SosWidgetReceiver"
71-->src/main/AndroidManifest.xml:64:13-53
72            android:exported="false" />
72-->src/main/AndroidManifest.xml:65:13-37
73        <receiver
73-->src/main/AndroidManifest.xml:67:9-69:40
74            android:name="com.example.campussos.sms.SmsStatusReceiver"
74-->src/main/AndroidManifest.xml:68:13-50
75            android:exported="false" />
75-->src/main/AndroidManifest.xml:69:13-37
76        <receiver
76-->src/main/AndroidManifest.xml:71:9-78:20
77            android:name="com.example.campussos.boot.BootReceiver"
77-->src/main/AndroidManifest.xml:72:13-46
78            android:enabled="true"
78-->src/main/AndroidManifest.xml:73:13-35
79            android:exported="true" >
79-->src/main/AndroidManifest.xml:74:13-36
80            <intent-filter>
80-->src/main/AndroidManifest.xml:75:13-77:29
81                <action android:name="android.intent.action.BOOT_COMPLETED" />
81-->src/main/AndroidManifest.xml:76:17-79
81-->src/main/AndroidManifest.xml:76:25-76
82            </intent-filter>
83        </receiver>
84
85        <activity
85-->[com.google.android.gms:play-services-base:18.5.0] AndroidManifest.xml:5:9-173
86            android:name="com.google.android.gms.common.api.GoogleApiActivity"
86-->[com.google.android.gms:play-services-base:18.5.0] AndroidManifest.xml:5:19-85
87            android:exported="false"
87-->[com.google.android.gms:play-services-base:18.5.0] AndroidManifest.xml:5:146-170
88            android:theme="@android:style/Theme.Translucent.NoTitleBar" />
88-->[com.google.android.gms:play-services-base:18.5.0] AndroidManifest.xml:5:86-145
89
90        <meta-data
90-->[com.google.android.gms:play-services-basement:18.4.0] AndroidManifest.xml:6:9-122
91            android:name="com.google.android.gms.version"
91-->[com.google.android.gms:play-services-basement:18.4.0] AndroidManifest.xml:6:20-65
92            android:value="@integer/google_play_services_version" />
92-->[com.google.android.gms:play-services-basement:18.4.0] AndroidManifest.xml:6:66-119
93    </application>
94
95</manifest>